<?xml version="1.0" encoding="UTF-8"?>
<testsuite xmlns:xsi="http://www.w3.org/2001/XMLSchema-instance" xsi:noNamespaceSchemaLocation="https://maven.apache.org/surefire/maven-surefire-plugin/xsd/surefire-test-report-3.0.xsd" version="3.0" name="com.canopy.allocation.AllocationServiceTests" time="0.086" tests="4" errors="0" skipped="0" failures="0">
  <properties>
[...]
</properties>
  <testcase name="complex1Input" classname="com.canopy.allocation.AllocationServiceTests" time="0.039">
    <system-out><![CDATA[Test complex1Input PASSED
]]></system-out>
  </testcase>
  <testcase name="complex2Input" classname="com.canopy.allocation.AllocationServiceTests" time="0.002">
    <system-out><![CDATA[Test complex2Input PASSED
]]></system-out>
  </testcase>
  <testcase name="simple1Input" classname="com.canopy.allocation.AllocationServiceTests" time="0.002">
    <system-out><![CDATA[Test simple1Input PASSED
]]></system-out>
  </testcase>
  <testcase name="simple2Input" classname="com.canopy.allocation.AllocationServiceTests" time="0.001">
    <system-out><![CDATA[Test simple2Input PASSED
]]></system-out>
  </testcase>
</testsuite>